0 info it worked if it ends with ok
1 verbose cli [ '/usr/bin/node', '/usr/bin/npm', 'run', 'watch' ]
2 info using npm@3.5.2
3 info using node@v8.10.0
4 verbose run-script [ 'prewatch', 'watch', 'postwatch' ]
5 info lifecycle sindarin-for-vscode@0.1.2~prewatch: sindarin-for-vscode@0.1.2
6 silly lifecycle sindarin-for-vscode@0.1.2~prewatch: no script for prewatch, continuing
7 info lifecycle sindarin-for-vscode@0.1.2~watch: sindarin-for-vscode@0.1.2
8 verbose lifecycle sindarin-for-vscode@0.1.2~watch: unsafe-perm in lifecycle true
9 verbose lifecycle sindarin-for-vscode@0.1.2~watch: PATH: /usr/share/npm/bin/node-gyp-bin:/home/guilhermeolisi/vscode/sindarin-for-vscode/node_modules/.bin:/home/guilhermeolisi/.vscode-server/bin/6cba118ac49a1b88332f312a8f67186f7f3c1643/bin:/usr/local/sbin:/usr/local/bin:/usr/sbin:/usr/bin:/sbin:/bin:/usr/games:/usr/local/games:/usr/lib/wsl/lib:/mnt/c/Program Files/WindowsApps/CanonicalGroupLimited.Ubuntu18.04onWindows_1804.2020.824.0_x64__79rhkp1fndgsc:/mnt/c/Program Files (x86)/Intel/iCLS Client/:/mnt/c/Program Files/Intel/iCLS Client/:/mnt/c/WINDOWS/system32:/mnt/c/WINDOWS:/mnt/c/WINDOWS/System32/Wbem:/mnt/c/WINDOWS/System32/WindowsPowerShell/v1.0/:/mnt/c/Program Files (x86)/Intel/Intel(R) Management Engine Components/DAL:/mnt/c/Program Files/Intel/Intel(R) Management Engine Components/DAL:/mnt/c/Program Files (x86)/Intel/Intel(R) Management Engine Components/IPT:/mnt/c/Program Files/Intel/Intel(R) Management Engine Components/IPT:/mnt/c/WINDOWS/System32/OpenSSH/:/mnt/c/Program Files/dotnet/:/mnt/c/Program Files/Microsoft SQL Server/130/Tools/Binn/:/mnt/c/Program Files/Microsoft SQL Server/Client SDK/ODBC/170/Tools/Binn/:/mnt/c/Program Files/Git/cmd:/mnt/c/Program Files/nodejs/:/mnt/c/Users/guilh/AppData/Local/Microsoft/WindowsApps:/mnt/c/Users/guilh/.dotnet/tools:/mnt/c/Users/guilh/AppData/Local/Programs/Microsoft VS Code/bin:/mnt/c/Users/guilh/AppData/Roaming/npm:/snap/bin
10 verbose lifecycle sindarin-for-vscode@0.1.2~watch: CWD: /home/guilhermeolisi/vscode/sindarin-for-vscode
11 silly lifecycle sindarin-for-vscode@0.1.2~watch: Args: [ '-c', 'tsc -watch -p ./' ]
12 info lifecycle sindarin-for-vscode@0.1.2~watch: Failed to exec watch script
13 verbose stack Error: sindarin-for-vscode@0.1.2 watch: `tsc -watch -p ./`
13 verbose stack spawn ENOENT
13 verbose stack     at ChildProcess.<anonymous> (/usr/share/npm/lib/utils/spawn.js:17:16)
13 verbose stack     at emitTwo (events.js:126:13)
13 verbose stack     at ChildProcess.emit (events.js:214:7)
13 verbose stack     at maybeClose (internal/child_process.js:925:16)
13 verbose stack     at Process.ChildProcess._handle.onexit (internal/child_process.js:209:5)
14 verbose pkgid sindarin-for-vscode@0.1.2
15 verbose cwd /home/guilhermeolisi/vscode/sindarin-for-vscode
16 error Linux 5.10.16.3-microsoft-standard-WSL2
17 error argv "/usr/bin/node" "/usr/bin/npm" "run" "watch"
18 error node v8.10.0
19 error npm  v3.5.2
20 error file sh
21 error code ELIFECYCLE
22 error errno ENOENT
23 error syscall spawn
24 error sindarin-for-vscode@0.1.2 watch: `tsc -watch -p ./`
24 error spawn ENOENT
25 error Failed at the sindarin-for-vscode@0.1.2 watch script 'tsc -watch -p ./'.
25 error Make sure you have the latest version of node.js and npm installed.
25 error If you do, this is most likely a problem with the sindarin-for-vscode package,
25 error not with npm itself.
25 error Tell the author that this fails on your system:
25 error     tsc -watch -p ./
25 error You can get information on how to open an issue for this project with:
25 error     npm bugs sindarin-for-vscode
25 error Or if that isn't available, you can get their info via:
25 error     npm owner ls sindarin-for-vscode
25 error There is likely additional logging output above.
26 verbose exit [ 1, true ]
